c:\sdl\sdlgame\debug\vc141.pdb
c:\sdl\sdlgame\debug\vc141.idb
c:\sdl\sdlgame\debug\spawner.nativecodeanalysis.xml
c:\sdl\sdlgame\debug\ship.nativecodeanalysis.xml
c:\sdl\sdlgame\debug\node.nativecodeanalysis.xml
c:\sdl\sdlgame\debug\ltexture.nativecodeanalysis.xml
c:\sdl\sdlgame\debug\level.nativecodeanalysis.xml
c:\sdl\sdlgame\debug\global.nativecodeanalysis.xml
c:\sdl\sdlgame\debug\game.nativecodeanalysis.xml
c:\sdl\sdlgame\debug\enemy.nativecodeanalysis.xml
c:\sdl\sdlgame\debug\crew.nativecodeanalysis.xml
c:\sdl\sdlgame\debug\bullet.nativecodeanalysis.xml
c:\sdl\sdlgame\debug\background.nativecodeanalysis.xml
c:\sdl\sdlgame\debug\background.obj
c:\sdl\sdlgame\debug\bullet.obj
c:\sdl\sdlgame\debug\crew.obj
c:\sdl\sdlgame\debug\enemy.obj
c:\sdl\sdlgame\debug\game.obj
c:\sdl\sdlgame\debug\global.obj
c:\sdl\sdlgame\debug\level.obj
c:\sdl\sdlgame\debug\ltexture.obj
c:\sdl\sdlgame\debug\node.obj
c:\sdl\sdlgame\debug\ship.obj
c:\sdl\sdlgame\debug\spawner.obj
c:\sdl\sdlgame\debug\sdlgame.exe
c:\sdl\sdlgame\debug\sdlgame.ilk
c:\sdl\sdlgame\debug\sdlgame.pdb
c:\sdl\sdlgame\debug\nativecodeanalysis.read.1.tlog
c:\sdl\sdlgame\debug\vc.nativecodeanalysis.all.xml
c:\sdl\sdlgame\debug\sdlgame.tlog\cl.command.1.tlog
c:\sdl\sdlgame\debug\sdlgame.tlog\cl.read.1.tlog
c:\sdl\sdlgame\debug\sdlgame.tlog\cl.write.1.tlog
c:\sdl\sdlgame\debug\sdlgame.tlog\link.command.1.tlog
c:\sdl\sdlgame\debug\sdlgame.tlog\link.read.1.tlog
c:\sdl\sdlgame\debug\sdlgame.tlog\link.write.1.tlog
